<?xml version="1.0" encoding="UTF-8"?>
<robot generator="Robot 6.0.2 (Python 3.11.1 on win32)" generated="20230213 19:43:28.511" rpa="false" schemaversion="3">
<suite id="s1" name="Challenge Robotframework Ivantsova" source="C:\Users\Anastasiia\DareIT\Git\challenge_robotframework_ivantsova">
<suite id="s1-s1" name="Test Add Match" source="C:\Users\Anastasiia\DareIT\Git\challenge_robotframework_ivantsova\test_add_match.robot">
<test id="s1-s1-t1" name="Add new match" line="39">
<kw name="Open login page">
<kw name="Open Browser" library="SeleniumLibrary">
<arg>${LOGIN URL}</arg>
<arg>${BROWSER}</arg>
<doc>Opens a new browser instance to the optional ``url``.</doc>
<msg timestamp="20230213 19:43:28.862" level="INFO">Opening browser 'Chrome' to base url 'https://scouts-test.futbolkolektyw.pl/en'.</msg>
<status status="PASS" starttime="20230213 19:43:28.861" endtime="20230213 19:43:33.322"/>
</kw>
<kw name="Title Should Be" library="SeleniumLibrary">
<arg>Scouts panel - sign in</arg>
<doc>Verifies that the current page title equals ``title``.</doc>
<msg timestamp="20230213 19:43:33.330" level="INFO">Page title is 'Scouts panel - sign in'.</msg>
<status status="PASS" starttime="20230213 19:43:33.322" endtime="20230213 19:43:33.330"/>
</kw>
<status status="PASS" starttime="20230213 19:43:28.861" endtime="20230213 19:43:33.330"/>
</kw>
<kw name="Maximize Browser Window" library="SeleniumLibrary">
<doc>Maximizes current browser window.</doc>
<status status="PASS" starttime="20230213 19:43:33.331" endtime="20230213 19:43:33.458"/>
</kw>
<kw name="Type in email">
<kw name="Input Text" library="SeleniumLibrary">
<arg>${EMAILFIELD}</arg>
<arg>user01@getnada.com</arg>
<doc>Types the given ``text`` into the text field identified by ``locator``.</doc>
<msg timestamp="20230213 19:43:33.461" level="INFO">Typing text 'user01@getnada.com' into text field 'xpath=//*[@id='login']'.</msg>
<status status="PASS" starttime="20230213 19:43:33.459" endtime="20230213 19:43:33.824"/>
</kw>
<status status="PASS" starttime="20230213 19:43:33.459" endtime="20230213 19:43:33.824"/>
</kw>
<kw name="Type in password">
<kw name="Input Password" library="SeleniumLibrary">
<arg>${PASSWORDFIELD}</arg>
<arg>Test-1234</arg>
<doc>Types the given password into the text field identified by ``locator``.</doc>
<msg timestamp="20230213 19:43:33.826" level="INFO">Typing password into text field 'xpath=//*[@id='password']'.</msg>
<msg timestamp="20230213 19:43:33.874" level="INFO">Temporally setting log level to: NONE</msg>
<msg timestamp="20230213 19:43:34.027" level="INFO">Log level changed from NONE to INFO.</msg>
<status status="PASS" starttime="20230213 19:43:33.825" endtime="20230213 19:43:34.027"/>
</kw>
<status status="PASS" starttime="20230213 19:43:33.825" endtime="20230213 19:43:34.028"/>
</kw>
<kw name="Click on the Submit button">
<kw name="Click Element" library="SeleniumLibrary">
<arg>${SIGNINBUTTON}</arg>
<doc>Click the element identified by ``locator``.</doc>
<msg timestamp="20230213 19:43:34.032" level="INFO">Clicking element 'xpath=//button[@type='submit']'.</msg>
<status status="PASS" starttime="20230213 19:43:34.031" endtime="20230213 19:43:34.106"/>
</kw>
<status status="PASS" starttime="20230213 19:43:34.030" endtime="20230213 19:43:34.106"/>
</kw>
<kw name="Click Add Player Button">
<kw name="Wait Until Page Contains Element" library="SeleniumLibrary">
<arg>${ADDPLAYERBUTTON}</arg>
<doc>Waits until the element ``locator`` appears on the current page.</doc>
<status status="PASS" starttime="20230213 19:43:34.107" endtime="20230213 19:43:36.904"/>
</kw>
<kw name="Click Element" library="SeleniumLibrary">
<arg>${ADDPLAYERBUTTON}</arg>
<doc>Click the element identified by ``locator``.</doc>
<msg timestamp="20230213 19:43:36.905" level="INFO">Clicking element 'xpath=//*[2][name()="a"]/button'.</msg>
<status status="PASS" starttime="20230213 19:43:36.904" endtime="20230213 19:43:37.048"/>
</kw>
<status status="PASS" starttime="20230213 19:43:34.107" endtime="20230213 19:43:37.049"/>
</kw>
<kw name="Type In Name">
<kw name="Wait Until Element Is Visible" library="SeleniumLibrary">
<arg>${NAMEFIELD}</arg>
<doc>Waits until the element ``locator`` is visible.</doc>
<status status="PASS" starttime="20230213 19:43:37.082" endtime="20230213 19:43:37.353"/>
</kw>
<kw name="Input Text" library="SeleniumLibrary">
<arg>${NAMEFIELD}</arg>
<arg>TestNewMatch</arg>
<doc>Types the given ``text`` into the text field identified by ``locator``.</doc>
<msg timestamp="20230213 19:43:37.354" level="INFO">Typing text 'TestNewMatch' into text field 'xpath=//input[@name="name"]'.</msg>
<status status="PASS" starttime="20230213 19:43:37.353" endtime="20230213 19:43:37.603"/>
</kw>
<status status="PASS" starttime="20230213 19:43:37.081" endtime="20230213 19:43:37.604"/>
</kw>
<kw name="Type In Surname">
<kw name="Input Text" library="SeleniumLibrary">
<arg>${SURNAMEFIELD}</arg>
<arg>TestNewMatch</arg>
<doc>Types the given ``text`` into the text field identified by ``locator``.</doc>
<msg timestamp="20230213 19:43:37.609" level="INFO">Typing text 'TestNewMatch' into text field 'xpath=//input[@name="surname"]'.</msg>
<status status="PASS" starttime="20230213 19:43:37.608" endtime="20230213 19:43:37.883"/>
</kw>
<status status="PASS" starttime="20230213 19:43:37.607" endtime="20230213 19:43:37.883"/>
</kw>
<kw name="Type in Age">
<kw name="Input Text" library="SeleniumLibrary">
<arg>${AGEFIELD}</arg>
<arg>01012000</arg>
<doc>Types the given ``text`` into the text field identified by ``locator``.</doc>
<msg timestamp="20230213 19:43:37.885" level="INFO">Typing text '01012000' into text field 'xpath=//input[@name="age"]'.</msg>
<status status="PASS" starttime="20230213 19:43:37.884" endtime="20230213 19:43:38.082"/>
</kw>
<status status="PASS" starttime="20230213 19:43:37.884" endtime="20230213 19:43:38.082"/>
</kw>
<kw name="Type in Main Position">
<kw name="Input Text" library="SeleniumLibrary">
<arg>${MAINPOSITIONFIELD}</arg>
<arg>TestNewMatch</arg>
<doc>Types the given ``text`` into the text field identified by ``locator``.</doc>
<msg timestamp="20230213 19:43:38.084" level="INFO">Typing text 'TestNewMatch' into text field 'xpath=//input[@name="mainPosition"]'.</msg>
<status status="PASS" starttime="20230213 19:43:38.084" endtime="20230213 19:43:38.428"/>
</kw>
<status status="PASS" starttime="20230213 19:43:38.083" endtime="20230213 19:43:38.428"/>
</kw>
<kw name="Click Submit Button">
<kw name="Click Element" library="SeleniumLibrary">
<arg>${SUBMITADDPLAYERBUTTON}</arg>
<doc>Click the element identified by ``locator``.</doc>
<msg timestamp="20230213 19:43:38.432" level="INFO">Clicking element 'xpath=//*[text()= "Submit"]'.</msg>
<status status="PASS" starttime="20230213 19:43:38.431" endtime="20230213 19:43:38.537"/>
</kw>
<status status="PASS" starttime="20230213 19:43:38.431" endtime="20230213 19:43:38.537"/>
</kw>
<kw name="Click Matches Button">
<kw name="Wait Until Element Is Visible" library="SeleniumLibrary">
<arg>${MATCHESBUTTON}</arg>
<doc>Waits until the element ``locator`` is visible.</doc>
<status status="PASS" starttime="20230213 19:43:38.538" endtime="20230213 19:43:38.929"/>
</kw>
<kw name="Click Element" library="SeleniumLibrary">
<arg>${MATCHESBUTTON}</arg>
<doc>Click the element identified by ``locator``.</doc>
<msg timestamp="20230213 19:43:38.930" level="INFO">Clicking element 'xpath=//span[text()='Matches']/ancestor::div[2]'.</msg>
<status status="PASS" starttime="20230213 19:43:38.929" endtime="20230213 19:43:39.083"/>
</kw>
<status status="PASS" starttime="20230213 19:43:38.538" endtime="20230213 19:43:39.083"/>
</kw>
<kw name="Click Add Match Button">
<kw name="Wait Until Element Is Visible" library="SeleniumLibrary">
<arg>${ADDNEWMATCHBUTTON}</arg>
<doc>Waits until the element ``locator`` is visible.</doc>
<status status="PASS" starttime="20230213 19:43:39.085" endtime="20230213 19:43:39.338"/>
</kw>
<kw name="Click Element" library="SeleniumLibrary">
<arg>${ADDNEWMATCHBUTTON}</arg>
<doc>Click the element identified by ``locator``.</doc>
<msg timestamp="20230213 19:43:39.339" level="INFO">Clicking element 'xpath=//a/button'.</msg>
<status status="PASS" starttime="20230213 19:43:39.338" endtime="20230213 19:43:39.432"/>
</kw>
<status status="PASS" starttime="20230213 19:43:39.084" endtime="20230213 19:43:39.433"/>
</kw>
<kw name="Fill all fields">
<kw name="Wait Until Element Is Not Visible" library="SeleniumLibrary">
<arg>${ALERT}</arg>
<doc>Waits until the element ``locator`` is not visible.</doc>
<status status="PASS" starttime="20230213 19:43:39.438" endtime="20230213 19:43:43.738"/>
</kw>
<kw name="Wait Until Element Is Visible" library="SeleniumLibrary">
<arg>${MYTEAMFIELD}</arg>
<doc>Waits until the element ``locator`` is visible.</doc>
<status status="PASS" starttime="20230213 19:43:43.738" endtime="20230213 19:43:43.772"/>
</kw>
<kw name="Input Text" library="SeleniumLibrary">
<arg>${MYTEAMFIELD}</arg>
<arg>TestMyTeam</arg>
<doc>Types the given ``text`` into the text field identified by ``locator``.</doc>
<msg timestamp="20230213 19:43:43.774" level="INFO">Typing text 'TestMyTeam' into text field 'xpath=//input[@name='myTeam']'.</msg>
<status status="PASS" starttime="20230213 19:43:43.772" endtime="20230213 19:43:43.987"/>
</kw>
<kw name="Input Text" library="SeleniumLibrary">
<arg>${ENEMYTEAMFIELD}</arg>
<arg>TestEnemyTeam</arg>
<doc>Types the given ``text`` into the text field identified by ``locator``.</doc>
<msg timestamp="20230213 19:43:43.989" level="INFO">Typing text 'TestEnemyTeam' into text field 'xpath=//input[@name='enemyTeam']'.</msg>
<status status="PASS" starttime="20230213 19:43:43.988" endtime="20230213 19:43:44.321"/>
</kw>
<kw name="Input Text" library="SeleniumLibrary">
<arg>${MYTEAMSCOREFIELD}</arg>
<arg>5</arg>
<doc>Types the given ``text`` into the text field identified by ``locator``.</doc>
<msg timestamp="20230213 19:43:44.323" level="INFO">Typing text '5' into text field 'xpath=//input[@name='myTeamScore']'.</msg>
<status status="PASS" starttime="20230213 19:43:44.321" endtime="20230213 19:43:44.487"/>
</kw>
<kw name="Input Text" library="SeleniumLibrary">
<arg>${ENEMYTEAMSCOREFIELD}</arg>
<arg>1</arg>
<doc>Types the given ``text`` into the text field identified by ``locator``.</doc>
<msg timestamp="20230213 19:43:44.489" level="INFO">Typing text '1' into text field 'xpath=//input[@name='enemyTeamScore']'.</msg>
<status status="PASS" starttime="20230213 19:43:44.488" endtime="20230213 19:43:44.655"/>
</kw>
<kw name="Input Text" library="SeleniumLibrary">
<arg>${DATEFIELD}</arg>
<arg>10022023</arg>
<doc>Types the given ``text`` into the text field identified by ``locator``.</doc>
<msg timestamp="20230213 19:43:44.656" level="INFO">Typing text '10022023' into text field 'xpath=//input[@name='date']'.</msg>
<status status="PASS" starttime="20230213 19:43:44.655" endtime="20230213 19:43:44.837"/>
</kw>
<kw name="Click Element" library="SeleniumLibrary">
<arg>${MATCHATHOMERADIOBUTTON}</arg>
<doc>Click the element identified by ``locator``.</doc>
<msg timestamp="20230213 19:43:44.839" level="INFO">Clicking element 'xpath=//input[@name='matchAtHome' and contains (@value, 'true')]'.</msg>
<status status="PASS" starttime="20230213 19:43:44.837" endtime="20230213 19:43:44.935"/>
</kw>
<kw name="Input Text" library="SeleniumLibrary">
<arg>${TSHIRTCOLORFIELD}</arg>
<arg>GreenColor</arg>
<doc>Types the given ``text`` into the text field identified by ``locator``.</doc>
<msg timestamp="20230213 19:43:44.936" level="INFO">Typing text 'GreenColor' into text field 'xpath=//input[@name='tshirt']'.</msg>
<status status="PASS" starttime="20230213 19:43:44.935" endtime="20230213 19:43:45.165"/>
</kw>
<kw name="Input Text" library="SeleniumLibrary">
<arg>${LEAGUEFIELD}</arg>
<arg>TestLeague</arg>
<doc>Types the given ``text`` into the text field identified by ``locator``.</doc>
<msg timestamp="20230213 19:43:45.167" level="INFO">Typing text 'TestLeague' into text field 'xpath=//input[@name='league']'.</msg>
<status status="PASS" starttime="20230213 19:43:45.165" endtime="20230213 19:43:45.500"/>
</kw>
<kw name="Input Text" library="SeleniumLibrary">
<arg>${TIMEPLAYEDFIELD}</arg>
<arg>90</arg>
<doc>Types the given ``text`` into the text field identified by ``locator``.</doc>
<msg timestamp="20230213 19:43:45.502" level="INFO">Typing text '90' into text field 'xpath=//input[@name='timePlayed']'.</msg>
<status status="PASS" starttime="20230213 19:43:45.500" endtime="20230213 19:43:45.629"/>
</kw>
<kw name="Input Text" library="SeleniumLibrary">
<arg>${NUMBERFIELD}</arg>
<arg>3</arg>
<doc>Types the given ``text`` into the text field identified by ``locator``.</doc>
<msg timestamp="20230213 19:43:45.630" level="INFO">Typing text '3' into text field 'xpath=//input[@name='number']'.</msg>
<status status="PASS" starttime="20230213 19:43:45.629" endtime="20230213 19:43:45.756"/>
</kw>
<kw name="Input Text" library="SeleniumLibrary">
<arg>${WEBMATCHFIELD}</arg>
<arg>TestWeb</arg>
<doc>Types the given ``text`` into the text field identified by ``locator``.</doc>
<msg timestamp="20230213 19:43:45.757" level="INFO">Typing text 'TestWeb' into text field 'xpath=//input[@name='webMatch']'.</msg>
<status status="PASS" starttime="20230213 19:43:45.757" endtime="20230213 19:43:45.925"/>
</kw>
<kw name="Input Text" library="SeleniumLibrary">
<arg>${GENERALFIELD}</arg>
<arg>TestGeneral</arg>
<doc>Types the given ``text`` into the text field identified by ``locator``.</doc>
<msg timestamp="20230213 19:43:45.925" level="INFO">Typing text 'TestGeneral' into text field 'xpath=//input[@name='general']'.</msg>
<status status="PASS" starttime="20230213 19:43:45.925" endtime="20230213 19:43:46.124"/>
</kw>
<kw name="Input Text" library="SeleniumLibrary">
<arg>${RATINGFIELD}</arg>
<arg>5</arg>
<doc>Types the given ``text`` into the text field identified by ``locator``.</doc>
<msg timestamp="20230213 19:43:46.125" level="INFO">Typing text '5' into text field 'xpath=//input[@name='rating']'.</msg>
<status status="PASS" starttime="20230213 19:43:46.124" endtime="20230213 19:43:46.255"/>
</kw>
<status status="PASS" starttime="20230213 19:43:39.438" endtime="20230213 19:43:46.255"/>
</kw>
<kw name="Click Submit Add Match Button">
<kw name="Click Element" library="SeleniumLibrary">
<arg>${SUBMITADDMATCHBUTTON}</arg>
<doc>Click the element identified by ``locator``.</doc>
<msg timestamp="20230213 19:43:46.256" level="INFO">Clicking element 'xpath=//button[@type='submit']'.</msg>
<status status="PASS" starttime="20230213 19:43:46.256" endtime="20230213 19:43:46.342"/>
</kw>
<status status="PASS" starttime="20230213 19:43:46.255" endtime="20230213 19:43:46.343"/>
</kw>
<kw name="Assert Success Alert">
<kw name="Wait Until Element Is Visible" library="SeleniumLibrary">
<arg>${ALERTSUCCESSADDMATCH}</arg>
<doc>Waits until the element ``locator`` is visible.</doc>
<status status="PASS" starttime="20230213 19:43:46.344" endtime="20230213 19:43:46.857"/>
</kw>
<kw name="Element Text Should Be" library="SeleniumLibrary">
<arg>${ALERTSUCCESSADDMATCH}</arg>
<arg>Addeddd match.</arg>
<doc>Verifies that element ``locator`` contains exact the text ``expected``.</doc>
<msg timestamp="20230213 19:43:46.859" level="INFO">Verifying element 'xpath=//div[@role="alert"]' contains exact text 'Addeddd match.'.</msg>
<msg timestamp="20230213 19:43:47.053" level="INFO" html="true">&lt;/td&gt;&lt;/tr&gt;&lt;tr&gt;&lt;td colspan="3"&gt;&lt;a href="selenium-screenshot-1.png"&gt;&lt;img src="selenium-screenshot-1.png" width="800px"&gt;&lt;/a&gt;</msg>
<msg timestamp="20230213 19:43:47.054" level="FAIL">The text of element 'xpath=//div[@role="alert"]' should have been 'Addeddd match.' but it was 'Added match.'.</msg>
<status status="FAIL" starttime="20230213 19:43:46.857" endtime="20230213 19:43:47.057"/>
</kw>
<kw name="Capture Page Screenshot" library="SeleniumLibrary">
<arg>success_add_match.png</arg>
<doc>Takes a screenshot of the current page and embeds it into a log file.</doc>
<status status="NOT RUN" starttime="20230213 19:43:47.057" endtime="20230213 19:43:47.058"/>
</kw>
<status status="FAIL" starttime="20230213 19:43:46.343" endtime="20230213 19:43:47.058"/>
</kw>
<kw name="Close Browser" library="SeleniumLibrary" type="TEARDOWN">
<doc>Closes the current browser.</doc>
<status status="PASS" starttime="20230213 19:43:47.059" endtime="20230213 19:43:51.627"/>
</kw>
<status status="FAIL" starttime="20230213 19:43:28.860" endtime="20230213 19:43:51.628">The text of element 'xpath=//div[@role="alert"]' should have been 'Addeddd match.' but it was 'Added match.'.</status>
</test>
<doc>Suite description #automated tests for scout website</doc>
<status status="FAIL" starttime="20230213 19:43:28.552" endtime="20230213 19:43:51.631"/>
</suite>
<status status="FAIL" starttime="20230213 19:43:28.514" endtime="20230213 19:43:51.634"/>
</suite>
<statistics>
<total>
<stat pass="0" fail="1" skip="0">All Tests</stat>
</total>
<tag>
</tag>
<suite>
<stat pass="0" fail="1" skip="0" id="s1" name="Challenge Robotframework Ivantsova">Challenge Robotframework Ivantsova</stat>
<stat pass="0" fail="1" skip="0" id="s1-s1" name="Test Add Match">Challenge Robotframework Ivantsova.Test Add Match</stat>
</suite>
</statistics>
<errors>
</errors>
</robot>
