<?xml version="1.0" encoding="UTF-8"?>
<robot generator="Robot 6.0.2 (Python 3.11.1 on win32)" generated="20230210 19:16:08.745" rpa="false" schemaversion="3">
<suite id="s1" name="Challenge Robotframework Ivantsova" source="C:\Users\Anastasiia\DareIT\Git\challenge_robotframework_ivantsova">
<suite id="s1-s1" name="Test Add Player" source="C:\Users\Anastasiia\DareIT\Git\challenge_robotframework_ivantsova\test_add_player.robot">
<test id="s1-s1-t1" name="Add new player" line="39">
<kw name="Open login page">
<kw name="Open Browser" library="SeleniumLibrary">
<arg>${LOGIN URL}</arg>
<arg>${BROWSER}</arg>
<doc>Opens a new browser instance to the optional ``url``.</doc>
<msg timestamp="20230210 19:16:09.045" level="INFO">Opening browser 'Chrome' to base url 'https://scouts-test.futbolkolektyw.pl/en'.</msg>
<status status="PASS" starttime="20230210 19:16:09.045" endtime="20230210 19:16:12.704"/>
</kw>
<kw name="Title Should Be" library="SeleniumLibrary">
<arg>Scouts panel - sign in</arg>
<doc>Verifies that the current page title equals ``title``.</doc>
<msg timestamp="20230210 19:16:12.718" level="INFO">Page title is 'Scouts panel - sign in'.</msg>
<status status="PASS" starttime="20230210 19:16:12.705" endtime="20230210 19:16:12.718"/>
</kw>
<status status="PASS" starttime="20230210 19:16:09.045" endtime="20230210 19:16:12.719"/>
</kw>
<kw name="Maximize Browser Window" library="SeleniumLibrary">
<doc>Maximizes current browser window.</doc>
<status status="PASS" starttime="20230210 19:16:12.719" endtime="20230210 19:16:12.850"/>
</kw>
<kw name="Type in email">
<kw name="Input Text" library="SeleniumLibrary">
<arg>${EMAILFIELD}</arg>
<arg>user01@getnada.com</arg>
<doc>Types the given ``text`` into the text field identified by ``locator``.</doc>
<msg timestamp="20230210 19:16:12.850" level="INFO">Typing text 'user01@getnada.com' into text field 'xpath=//*[@id='login']'.</msg>
<status status="PASS" starttime="20230210 19:16:12.850" endtime="20230210 19:16:13.222"/>
</kw>
<status status="PASS" starttime="20230210 19:16:12.850" endtime="20230210 19:16:13.222"/>
</kw>
<kw name="Type in password">
<kw name="Input Password" library="SeleniumLibrary">
<arg>${PASSWORDFIELD}</arg>
<arg>Test-1234</arg>
<doc>Types the given password into the text field identified by ``locator``.</doc>
<msg timestamp="20230210 19:16:13.224" level="INFO">Typing password into text field 'xpath=//*[@id='password']'.</msg>
<msg timestamp="20230210 19:16:13.269" level="INFO">Temporally setting log level to: NONE</msg>
<msg timestamp="20230210 19:16:13.392" level="INFO">Log level changed from NONE to INFO.</msg>
<status status="PASS" starttime="20230210 19:16:13.223" endtime="20230210 19:16:13.392"/>
</kw>
<status status="PASS" starttime="20230210 19:16:13.223" endtime="20230210 19:16:13.392"/>
</kw>
<kw name="Click on the Submit button">
<kw name="Click Element" library="SeleniumLibrary">
<arg>${SIGNINBUTTON}</arg>
<doc>Click the element identified by ``locator``.</doc>
<msg timestamp="20230210 19:16:13.395" level="INFO">Clicking element 'xpath=//button[@type='submit']'.</msg>
<status status="PASS" starttime="20230210 19:16:13.394" endtime="20230210 19:16:13.470"/>
</kw>
<status status="PASS" starttime="20230210 19:16:13.393" endtime="20230210 19:16:13.471"/>
</kw>
<kw name="Wait Until Page Contains Element" library="SeleniumLibrary">
<arg>${ADDPLAYERBUTTON}</arg>
<doc>Waits until the element ``locator`` appears on the current page.</doc>
<status status="PASS" starttime="20230210 19:16:13.472" endtime="20230210 19:16:16.024"/>
</kw>
<kw name="Click Add Player Button">
<kw name="Wait Until Page Contains Element" library="SeleniumLibrary">
<arg>${ADDPLAYERBUTTON}</arg>
<doc>Waits until the element ``locator`` appears on the current page.</doc>
<status status="PASS" starttime="20230210 19:16:16.025" endtime="20230210 19:16:16.038"/>
</kw>
<kw name="Click Element" library="SeleniumLibrary">
<arg>${ADDPLAYERBUTTON}</arg>
<doc>Click the element identified by ``locator``.</doc>
<msg timestamp="20230210 19:16:16.039" level="INFO">Clicking element 'xpath=//*[2][name()="a"]/button'.</msg>
<status status="PASS" starttime="20230210 19:16:16.038" endtime="20230210 19:16:16.172"/>
</kw>
<status status="PASS" starttime="20230210 19:16:16.024" endtime="20230210 19:16:16.173"/>
</kw>
<kw name="Type In Name">
<kw name="Input Text" library="SeleniumLibrary">
<arg>${NAMEFIELD}</arg>
<arg>NameRoboTest</arg>
<doc>Types the given ``text`` into the text field identified by ``locator``.</doc>
<msg timestamp="20230210 19:16:16.179" level="INFO">Typing text 'NameRoboTest' into text field 'xpath=//input[@name="name"]'.</msg>
<status status="PASS" starttime="20230210 19:16:16.178" endtime="20230210 19:16:16.755"/>
</kw>
<status status="PASS" starttime="20230210 19:16:16.177" endtime="20230210 19:16:16.756"/>
</kw>
<kw name="Type In Surname">
<kw name="Input Text" library="SeleniumLibrary">
<arg>${SURNAMEFIELD}</arg>
<arg>SurnameRoboTest</arg>
<doc>Types the given ``text`` into the text field identified by ``locator``.</doc>
<msg timestamp="20230210 19:16:16.757" level="INFO">Typing text 'SurnameRoboTest' into text field 'xpath=//input[@name="surname"]'.</msg>
<status status="PASS" starttime="20230210 19:16:16.756" endtime="20230210 19:16:17.051"/>
</kw>
<status status="PASS" starttime="20230210 19:16:16.756" endtime="20230210 19:16:17.051"/>
</kw>
<kw name="Type in Age">
<kw name="Input Text" library="SeleniumLibrary">
<arg>${AGEFIELD}</arg>
<arg>01012000</arg>
<doc>Types the given ``text`` into the text field identified by ``locator``.</doc>
<msg timestamp="20230210 19:16:17.053" level="INFO">Typing text '01012000' into text field 'xpath=//input[@name="age"]'.</msg>
<status status="PASS" starttime="20230210 19:16:17.052" endtime="20230210 19:16:17.221"/>
</kw>
<status status="PASS" starttime="20230210 19:16:17.052" endtime="20230210 19:16:17.221"/>
</kw>
<kw name="Type in Main Position">
<kw name="Input Text" library="SeleniumLibrary">
<arg>${MAINPOSITIONFIELD}</arg>
<arg>MainRoboTest</arg>
<doc>Types the given ``text`` into the text field identified by ``locator``.</doc>
<msg timestamp="20230210 19:16:17.224" level="INFO">Typing text 'MainRoboTest' into text field 'xpath=//input[@name="mainPosition"]'.</msg>
<status status="PASS" starttime="20230210 19:16:17.222" endtime="20230210 19:16:17.477"/>
</kw>
<status status="PASS" starttime="20230210 19:16:17.222" endtime="20230210 19:16:17.478"/>
</kw>
<kw name="Click Submit Button">
<kw name="Wait Until Element Is Visible" library="SeleniumLibrary">
<arg>${SUBMITADDPLAYERBUTTON}</arg>
<doc>Waits until the element ``locator`` is visible.</doc>
<status status="PASS" starttime="20230210 19:16:17.479" endtime="20230210 19:16:17.519"/>
</kw>
<kw name="Click Element" library="SeleniumLibrary">
<arg>${SUBMITADDPLAYERBUTTON}</arg>
<doc>Click the element identified by ``locator``.</doc>
<msg timestamp="20230210 19:16:17.520" level="INFO">Clicking element 'xpath=//*[text()= "Submit"]'.</msg>
<status status="PASS" starttime="20230210 19:16:17.519" endtime="20230210 19:16:17.625"/>
</kw>
<status status="PASS" starttime="20230210 19:16:17.478" endtime="20230210 19:16:17.626"/>
</kw>
<kw name="Assert Success Alert">
<kw name="Wait Until Page Contains Element" library="SeleniumLibrary">
<arg>${ALERTSUCCESSADDPLAYER}</arg>
<doc>Waits until the element ``locator`` appears on the current page.</doc>
<status status="PASS" starttime="20230210 19:16:17.627" endtime="20230210 19:16:18.941"/>
</kw>
<kw name="Capture Page Screenshot" library="SeleniumLibrary">
<arg>alert_add_player_page.png</arg>
<doc>Takes a screenshot of the current page and embeds it into a log file.</doc>
<msg timestamp="20230210 19:16:19.175" level="INFO" html="true">&lt;/td&gt;&lt;/tr&gt;&lt;tr&gt;&lt;td colspan="3"&gt;&lt;a href="alert_add_player_page.png"&gt;&lt;img src="alert_add_player_page.png" width="800px"&gt;&lt;/a&gt;</msg>
<status status="PASS" starttime="20230210 19:16:18.942" endtime="20230210 19:16:19.176"/>
</kw>
<status status="PASS" starttime="20230210 19:16:17.626" endtime="20230210 19:16:19.176"/>
</kw>
<kw name="Close Browser" library="SeleniumLibrary" type="TEARDOWN">
<doc>Closes the current browser.</doc>
<status status="PASS" starttime="20230210 19:16:19.176" endtime="20230210 19:16:22.956"/>
</kw>
<status status="PASS" starttime="20230210 19:16:09.045" endtime="20230210 19:16:22.956"/>
</test>
<test id="s1-s1-t2" name="Add new player with empty fields" line="55">
<kw name="Open login page">
<kw name="Open Browser" library="SeleniumLibrary">
<arg>${LOGIN URL}</arg>
<arg>${BROWSER}</arg>
<doc>Opens a new browser instance to the optional ``url``.</doc>
<msg timestamp="20230210 19:16:22.956" level="INFO">Opening browser 'Chrome' to base url 'https://scouts-test.futbolkolektyw.pl/en'.</msg>
<status status="PASS" starttime="20230210 19:16:22.956" endtime="20230210 19:16:25.059"/>
</kw>
<kw name="Title Should Be" library="SeleniumLibrary">
<arg>Scouts panel - sign in</arg>
<doc>Verifies that the current page title equals ``title``.</doc>
<msg timestamp="20230210 19:16:25.067" level="INFO">Page title is 'Scouts panel - sign in'.</msg>
<status status="PASS" starttime="20230210 19:16:25.059" endtime="20230210 19:16:25.068"/>
</kw>
<status status="PASS" starttime="20230210 19:16:22.956" endtime="20230210 19:16:25.068"/>
</kw>
<kw name="Maximize Browser Window" library="SeleniumLibrary">
<doc>Maximizes current browser window.</doc>
<status status="PASS" starttime="20230210 19:16:25.069" endtime="20230210 19:16:25.195"/>
</kw>
<kw name="Type in email">
<kw name="Input Text" library="SeleniumLibrary">
<arg>${EMAILFIELD}</arg>
<arg>user01@getnada.com</arg>
<doc>Types the given ``text`` into the text field identified by ``locator``.</doc>
<msg timestamp="20230210 19:16:25.197" level="INFO">Typing text 'user01@getnada.com' into text field 'xpath=//*[@id='login']'.</msg>
<status status="PASS" starttime="20230210 19:16:25.196" endtime="20230210 19:16:25.505"/>
</kw>
<status status="PASS" starttime="20230210 19:16:25.196" endtime="20230210 19:16:25.505"/>
</kw>
<kw name="Type in password">
<kw name="Input Password" library="SeleniumLibrary">
<arg>${PASSWORDFIELD}</arg>
<arg>Test-1234</arg>
<doc>Types the given password into the text field identified by ``locator``.</doc>
<msg timestamp="20230210 19:16:25.507" level="INFO">Typing password into text field 'xpath=//*[@id='password']'.</msg>
<msg timestamp="20230210 19:16:25.562" level="INFO">Temporally setting log level to: NONE</msg>
<msg timestamp="20230210 19:16:25.681" level="INFO">Log level changed from NONE to INFO.</msg>
<status status="PASS" starttime="20230210 19:16:25.506" endtime="20230210 19:16:25.681"/>
</kw>
<status status="PASS" starttime="20230210 19:16:25.506" endtime="20230210 19:16:25.681"/>
</kw>
<kw name="Click on the Submit button">
<kw name="Click Element" library="SeleniumLibrary">
<arg>${SIGNINBUTTON}</arg>
<doc>Click the element identified by ``locator``.</doc>
<msg timestamp="20230210 19:16:25.683" level="INFO">Clicking element 'xpath=//button[@type='submit']'.</msg>
<status status="PASS" starttime="20230210 19:16:25.682" endtime="20230210 19:16:25.754"/>
</kw>
<status status="PASS" starttime="20230210 19:16:25.682" endtime="20230210 19:16:25.754"/>
</kw>
<kw name="Click Add Player Button">
<kw name="Wait Until Page Contains Element" library="SeleniumLibrary">
<arg>${ADDPLAYERBUTTON}</arg>
<doc>Waits until the element ``locator`` appears on the current page.</doc>
<status status="PASS" starttime="20230210 19:16:25.756" endtime="20230210 19:16:28.716"/>
</kw>
<kw name="Click Element" library="SeleniumLibrary">
<arg>${ADDPLAYERBUTTON}</arg>
<doc>Click the element identified by ``locator``.</doc>
<msg timestamp="20230210 19:16:28.717" level="INFO">Clicking element 'xpath=//*[2][name()="a"]/button'.</msg>
<status status="PASS" starttime="20230210 19:16:28.716" endtime="20230210 19:16:28.858"/>
</kw>
<status status="PASS" starttime="20230210 19:16:25.755" endtime="20230210 19:16:28.858"/>
</kw>
<kw name="Click Submit Button">
<kw name="Wait Until Element Is Visible" library="SeleniumLibrary">
<arg>${SUBMITADDPLAYERBUTTON}</arg>
<doc>Waits until the element ``locator`` is visible.</doc>
<status status="PASS" starttime="20230210 19:16:28.867" endtime="20230210 19:16:29.167"/>
</kw>
<kw name="Click Element" library="SeleniumLibrary">
<arg>${SUBMITADDPLAYERBUTTON}</arg>
<doc>Click the element identified by ``locator``.</doc>
<msg timestamp="20230210 19:16:29.168" level="INFO">Clicking element 'xpath=//*[text()= "Submit"]'.</msg>
<status status="PASS" starttime="20230210 19:16:29.168" endtime="20230210 19:16:29.367"/>
</kw>
<status status="PASS" starttime="20230210 19:16:28.866" endtime="20230210 19:16:29.367"/>
</kw>
<kw name="Assert Required Text">
<kw name="Page Should Contain" library="SeleniumLibrary">
<arg>Required</arg>
<doc>Verifies that current page contains ``text``.</doc>
<msg timestamp="20230210 19:16:29.433" level="INFO">Current page contains text 'Required'.</msg>
<status status="PASS" starttime="20230210 19:16:29.372" endtime="20230210 19:16:29.433"/>
</kw>
<kw name="Capture Page Screenshot" library="SeleniumLibrary">
<arg>required_text.png</arg>
<doc>Takes a screenshot of the current page and embeds it into a log file.</doc>
<msg timestamp="20230210 19:16:29.868" level="INFO" html="true">&lt;/td&gt;&lt;/tr&gt;&lt;tr&gt;&lt;td colspan="3"&gt;&lt;a href="required_text.png"&gt;&lt;img src="required_text.png" width="800px"&gt;&lt;/a&gt;</msg>
<status status="PASS" starttime="20230210 19:16:29.433" endtime="20230210 19:16:29.868"/>
</kw>
<status status="PASS" starttime="20230210 19:16:29.371" endtime="20230210 19:16:29.869"/>
</kw>
<kw name="Close Browser" library="SeleniumLibrary" type="TEARDOWN">
<doc>Closes the current browser.</doc>
<status status="PASS" starttime="20230210 19:16:29.871" endtime="20230210 19:16:32.103"/>
</kw>
<status status="PASS" starttime="20230210 19:16:22.956" endtime="20230210 19:16:32.103"/>
</test>
<test id="s1-s1-t3" name="Clear fields" line="66">
<kw name="Open login page">
<kw name="Open Browser" library="SeleniumLibrary">
<arg>${LOGIN URL}</arg>
<arg>${BROWSER}</arg>
<doc>Opens a new browser instance to the optional ``url``.</doc>
<msg timestamp="20230210 19:16:32.103" level="INFO">Opening browser 'Chrome' to base url 'https://scouts-test.futbolkolektyw.pl/en'.</msg>
<status status="PASS" starttime="20230210 19:16:32.103" endtime="20230210 19:16:34.538"/>
</kw>
<kw name="Title Should Be" library="SeleniumLibrary">
<arg>Scouts panel - sign in</arg>
<doc>Verifies that the current page title equals ``title``.</doc>
<msg timestamp="20230210 19:16:34.549" level="INFO">Page title is 'Scouts panel - sign in'.</msg>
<status status="PASS" starttime="20230210 19:16:34.538" endtime="20230210 19:16:34.549"/>
</kw>
<status status="PASS" starttime="20230210 19:16:32.103" endtime="20230210 19:16:34.550"/>
</kw>
<kw name="Maximize Browser Window" library="SeleniumLibrary">
<doc>Maximizes current browser window.</doc>
<status status="PASS" starttime="20230210 19:16:34.550" endtime="20230210 19:16:34.850"/>
</kw>
<kw name="Type in email">
<kw name="Input Text" library="SeleniumLibrary">
<arg>${EMAILFIELD}</arg>
<arg>user01@getnada.com</arg>
<doc>Types the given ``text`` into the text field identified by ``locator``.</doc>
<msg timestamp="20230210 19:16:34.851" level="INFO">Typing text 'user01@getnada.com' into text field 'xpath=//*[@id='login']'.</msg>
<status status="PASS" starttime="20230210 19:16:34.850" endtime="20230210 19:16:35.227"/>
</kw>
<status status="PASS" starttime="20230210 19:16:34.850" endtime="20230210 19:16:35.228"/>
</kw>
<kw name="Type in password">
<kw name="Input Password" library="SeleniumLibrary">
<arg>${PASSWORDFIELD}</arg>
<arg>Test-1234</arg>
<doc>Types the given password into the text field identified by ``locator``.</doc>
<msg timestamp="20230210 19:16:35.230" level="INFO">Typing password into text field 'xpath=//*[@id='password']'.</msg>
<msg timestamp="20230210 19:16:35.440" level="INFO">Temporally setting log level to: NONE</msg>
<msg timestamp="20230210 19:16:35.579" level="INFO">Log level changed from NONE to INFO.</msg>
<status status="PASS" starttime="20230210 19:16:35.229" endtime="20230210 19:16:35.579"/>
</kw>
<status status="PASS" starttime="20230210 19:16:35.228" endtime="20230210 19:16:35.579"/>
</kw>
<kw name="Click on the Submit button">
<kw name="Click Element" library="SeleniumLibrary">
<arg>${SIGNINBUTTON}</arg>
<doc>Click the element identified by ``locator``.</doc>
<msg timestamp="20230210 19:16:35.583" level="INFO">Clicking element 'xpath=//button[@type='submit']'.</msg>
<status status="PASS" starttime="20230210 19:16:35.582" endtime="20230210 19:16:35.669"/>
</kw>
<status status="PASS" starttime="20230210 19:16:35.582" endtime="20230210 19:16:35.669"/>
</kw>
<kw name="Click Add Player Button">
<kw name="Wait Until Page Contains Element" library="SeleniumLibrary">
<arg>${ADDPLAYERBUTTON}</arg>
<doc>Waits until the element ``locator`` appears on the current page.</doc>
<status status="PASS" starttime="20230210 19:16:35.670" endtime="20230210 19:16:39.154"/>
</kw>
<kw name="Click Element" library="SeleniumLibrary">
<arg>${ADDPLAYERBUTTON}</arg>
<doc>Click the element identified by ``locator``.</doc>
<msg timestamp="20230210 19:16:39.155" level="INFO">Clicking element 'xpath=//*[2][name()="a"]/button'.</msg>
<status status="PASS" starttime="20230210 19:16:39.154" endtime="20230210 19:16:39.319"/>
</kw>
<status status="PASS" starttime="20230210 19:16:35.670" endtime="20230210 19:16:39.320"/>
</kw>
<kw name="Fill all fields">
<kw name="Input Text" library="SeleniumLibrary">
<arg>${EMAILADDPLAYERFIELD}</arg>
<arg>testemail@gmail.com</arg>
<doc>Types the given ``text`` into the text field identified by ``locator``.</doc>
<msg timestamp="20230210 19:16:39.324" level="INFO">Typing text 'testemail@gmail.com' into text field 'xpath=//input[@name="email"]'.</msg>
<status status="PASS" starttime="20230210 19:16:39.322" endtime="20230210 19:16:39.865"/>
</kw>
<kw name="Input Text" library="SeleniumLibrary">
<arg>${NAMEFIELD}</arg>
<arg>NameRoboTest</arg>
<doc>Types the given ``text`` into the text field identified by ``locator``.</doc>
<msg timestamp="20230210 19:16:39.866" level="INFO">Typing text 'NameRoboTest' into text field 'xpath=//input[@name="name"]'.</msg>
<status status="PASS" starttime="20230210 19:16:39.865" endtime="20230210 19:16:40.121"/>
</kw>
<kw name="Input Text" library="SeleniumLibrary">
<arg>${SURNAMEFIELD}</arg>
<arg>SurnameRoboTest</arg>
<doc>Types the given ``text`` into the text field identified by ``locator``.</doc>
<msg timestamp="20230210 19:16:40.122" level="INFO">Typing text 'SurnameRoboTest' into text field 'xpath=//input[@name="surname"]'.</msg>
<status status="PASS" starttime="20230210 19:16:40.121" endtime="20230210 19:16:40.389"/>
</kw>
<kw name="Input Text" library="SeleniumLibrary">
<arg>${PHONEFIELD}</arg>
<arg>+4878000000</arg>
<doc>Types the given ``text`` into the text field identified by ``locator``.</doc>
<msg timestamp="20230210 19:16:40.390" level="INFO">Typing text '+4878000000' into text field 'xpath=//input[@name="phone"]'.</msg>
<status status="PASS" starttime="20230210 19:16:40.389" endtime="20230210 19:16:40.593"/>
</kw>
<kw name="Input Text" library="SeleniumLibrary">
<arg>${WEIGHTFIELD}</arg>
<arg>75</arg>
<doc>Types the given ``text`` into the text field identified by ``locator``.</doc>
<msg timestamp="20230210 19:16:40.594" level="INFO">Typing text '75' into text field 'xpath=//input[@name="weight"]'.</msg>
<status status="PASS" starttime="20230210 19:16:40.593" endtime="20230210 19:16:40.760"/>
</kw>
<kw name="Input Text" library="SeleniumLibrary">
<arg>${HEIGHTFIELD}</arg>
<arg>175</arg>
<doc>Types the given ``text`` into the text field identified by ``locator``.</doc>
<msg timestamp="20230210 19:16:40.761" level="INFO">Typing text '175' into text field 'xpath=//input[@name="height"]'.</msg>
<status status="PASS" starttime="20230210 19:16:40.760" endtime="20230210 19:16:40.954"/>
</kw>
<kw name="Input Text" library="SeleniumLibrary">
<arg>${AGEFIELD}</arg>
<arg>01012000</arg>
<doc>Types the given ``text`` into the text field identified by ``locator``.</doc>
<msg timestamp="20230210 19:16:40.955" level="INFO">Typing text '01012000' into text field 'xpath=//input[@name="age"]'.</msg>
<status status="PASS" starttime="20230210 19:16:40.954" endtime="20230210 19:16:41.144"/>
</kw>
<kw name="Click Element" library="SeleniumLibrary">
<arg>${LEGDROPDOWN}</arg>
<doc>Click the element identified by ``locator``.</doc>
<msg timestamp="20230210 19:16:41.146" level="INFO">Clicking element 'xpath=//*[@id="mui-component-select-leg"]'.</msg>
<status status="PASS" starttime="20230210 19:16:41.144" endtime="20230210 19:16:41.246"/>
</kw>
<kw name="Click Element" library="SeleniumLibrary">
<arg>${RIGHTLEG}</arg>
<doc>Click the element identified by ``locator``.</doc>
<msg timestamp="20230210 19:16:41.248" level="INFO">Clicking element 'xpath=//*/ul/li[1]'.</msg>
<status status="PASS" starttime="20230210 19:16:41.246" endtime="20230210 19:16:41.352"/>
</kw>
<kw name="Input Text" library="SeleniumLibrary">
<arg>${CLUBFIELD}</arg>
<arg>ClubRobo</arg>
<doc>Types the given ``text`` into the text field identified by ``locator``.</doc>
<msg timestamp="20230210 19:16:41.353" level="INFO">Typing text 'ClubRobo' into text field 'xpath=//input[@name="club"]'.</msg>
<status status="PASS" starttime="20230210 19:16:41.352" endtime="20230210 19:16:41.561"/>
</kw>
<kw name="Input Text" library="SeleniumLibrary">
<arg>${LEVELFIELD}</arg>
<arg>LevelRobo</arg>
<doc>Types the given ``text`` into the text field identified by ``locator``.</doc>
<msg timestamp="20230210 19:16:41.563" level="INFO">Typing text 'LevelRobo' into text field 'xpath=//input[@name="level"]'.</msg>
<status status="PASS" starttime="20230210 19:16:41.562" endtime="20230210 19:16:41.766"/>
</kw>
<kw name="Input Text" library="SeleniumLibrary">
<arg>${MAINPOSITIONFIELD}</arg>
<arg>MainRoboTest</arg>
<doc>Types the given ``text`` into the text field identified by ``locator``.</doc>
<msg timestamp="20230210 19:16:41.768" level="INFO">Typing text 'MainRoboTest' into text field 'xpath=//input[@name="mainPosition"]'.</msg>
<status status="PASS" starttime="20230210 19:16:41.767" endtime="20230210 19:16:42.044"/>
</kw>
<kw name="Input Text" library="SeleniumLibrary">
<arg>${SECONDPOSITIONFIELD}</arg>
<arg>SecondRoboTest</arg>
<doc>Types the given ``text`` into the text field identified by ``locator``.</doc>
<msg timestamp="20230210 19:16:42.045" level="INFO">Typing text 'SecondRoboTest' into text field 'xpath=//input[@name="secondPosition"]'.</msg>
<status status="PASS" starttime="20230210 19:16:42.044" endtime="20230210 19:16:42.313"/>
</kw>
<kw name="Click Element" library="SeleniumLibrary">
<arg>${DISTRICTDROPDOWN}</arg>
<doc>Click the element identified by ``locator``.</doc>
<msg timestamp="20230210 19:16:42.314" level="INFO">Clicking element 'xpath=//*[@id="mui-component-select-district"]'.</msg>
<status status="PASS" starttime="20230210 19:16:42.313" endtime="20230210 19:16:42.418"/>
</kw>
<kw name="Wait Until Element Is Visible" library="SeleniumLibrary">
<arg>${LODZDISTRICT}</arg>
<doc>Waits until the element ``locator`` is visible.</doc>
<status status="PASS" starttime="20230210 19:16:42.418" endtime="20230210 19:16:42.475"/>
</kw>
<kw name="Click Element" library="SeleniumLibrary">
<arg>${LODZDISTRICT}</arg>
<doc>Click the element identified by ``locator``.</doc>
<msg timestamp="20230210 19:16:42.476" level="INFO">Clicking element 'xpath=/html/body/div[2]/div[3]/ul/li[5]'.</msg>
<status status="PASS" starttime="20230210 19:16:42.475" endtime="20230210 19:16:42.587"/>
</kw>
<kw name="Input Text" library="SeleniumLibrary">
<arg>${ACHIEVEMENTSFIELD}</arg>
<arg>AcieveTest</arg>
<doc>Types the given ``text`` into the text field identified by ``locator``.</doc>
<msg timestamp="20230210 19:16:42.588" level="INFO">Typing text 'AcieveTest' into text field 'xpath=//input[@name="achievements"]'.</msg>
<status status="PASS" starttime="20230210 19:16:42.587" endtime="20230210 19:16:42.830"/>
</kw>
<kw name="Input Text" library="SeleniumLibrary">
<arg>${LACZYFIELD}</arg>
<arg>LaczyRodo</arg>
<doc>Types the given ``text`` into the text field identified by ``locator``.</doc>
<msg timestamp="20230210 19:16:42.832" level="INFO">Typing text 'LaczyRodo' into text field 'xpath=//input[@name="webLaczy"]'.</msg>
<status status="PASS" starttime="20230210 19:16:42.831" endtime="20230210 19:16:43.056"/>
</kw>
<kw name="Input Text" library="SeleniumLibrary">
<arg>${NINETEENMINUTESFIELD}</arg>
<arg>55</arg>
<doc>Types the given ``text`` into the text field identified by ``locator``.</doc>
<msg timestamp="20230210 19:16:43.057" level="INFO">Typing text '55' into text field 'xpath=//input[@name="web90"]'.</msg>
<status status="PASS" starttime="20230210 19:16:43.056" endtime="20230210 19:16:43.263"/>
</kw>
<kw name="Input Text" library="SeleniumLibrary">
<arg>${FACEBOOKFIELD}</arg>
<arg>https://fecebook.com</arg>
<doc>Types the given ``text`` into the text field identified by ``locator``.</doc>
<msg timestamp="20230210 19:16:43.265" level="INFO">Typing text 'https://fecebook.com' into text field 'xpath=//input[@name="webFB"]'.</msg>
<status status="PASS" starttime="20230210 19:16:43.264" endtime="20230210 19:16:43.596"/>
</kw>
<status status="PASS" starttime="20230210 19:16:39.322" endtime="20230210 19:16:43.596"/>
</kw>
<kw name="Click Clear Button">
<kw name="Click Element" library="SeleniumLibrary">
<arg>${CLEARBUTTON}</arg>
<doc>Click the element identified by ``locator``.</doc>
<msg timestamp="20230210 19:16:43.598" level="INFO">Clicking element 'xpath=//*/button[2]/span[1]'.</msg>
<status status="PASS" starttime="20230210 19:16:43.597" endtime="20230210 19:16:43.720"/>
</kw>
<status status="PASS" starttime="20230210 19:16:43.597" endtime="20230210 19:16:43.720"/>
</kw>
<kw name="Assert Clear Fields">
<kw name="Page Should Contain" library="SeleniumLibrary">
<arg>Required</arg>
<doc>Verifies that current page contains ``text``.</doc>
<msg timestamp="20230210 19:16:43.762" level="INFO">Current page contains text 'Required'.</msg>
<status status="PASS" starttime="20230210 19:16:43.729" endtime="20230210 19:16:43.762"/>
</kw>
<kw name="Capture Page Screenshot" library="SeleniumLibrary">
<arg>empty_fields.png</arg>
<doc>Takes a screenshot of the current page and embeds it into a log file.</doc>
<msg timestamp="20230210 19:16:43.951" level="INFO" html="true">&lt;/td&gt;&lt;/tr&gt;&lt;tr&gt;&lt;td colspan="3"&gt;&lt;a href="empty_fields.png"&gt;&lt;img src="empty_fields.png" width="800px"&gt;&lt;/a&gt;</msg>
<status status="PASS" starttime="20230210 19:16:43.762" endtime="20230210 19:16:43.951"/>
</kw>
<status status="PASS" starttime="20230210 19:16:43.728" endtime="20230210 19:16:43.951"/>
</kw>
<kw name="Close Browser" library="SeleniumLibrary" type="TEARDOWN">
<doc>Closes the current browser.</doc>
<status status="PASS" starttime="20230210 19:16:43.952" endtime="20230210 19:16:46.156"/>
</kw>
<status status="PASS" starttime="20230210 19:16:32.103" endtime="20230210 19:16:46.157"/>
</test>
<doc>Suite description #automated tests for scout website</doc>
<status status="PASS" starttime="20230210 19:16:08.777" endtime="20230210 19:16:46.157"/>
</suite>
<status status="PASS" starttime="20230210 19:16:08.745" endtime="20230210 19:16:46.157"/>
</suite>
<statistics>
<total>
<stat pass="3" fail="0" skip="0">All Tests</stat>
</total>
<tag>
</tag>
<suite>
<stat pass="3" fail="0" skip="0" id="s1" name="Challenge Robotframework Ivantsova">Challenge Robotframework Ivantsova</stat>
<stat pass="3" fail="0" skip="0" id="s1-s1" name="Test Add Player">Challenge Robotframework Ivantsova.Test Add Player</stat>
</suite>
</statistics>
<errors>
</errors>
</robot>
